Build started 2/19/2015 1:51:54 PM.
     1>Project "C:\Users\SAAS Student\Documents\Visual Studio 2010\Projects\check other apps\check other apps\check other apps.vcxproj" on node 2 (build target(s)).
     1>InitializeBuildStatus:
         Creating "Debug\check other apps.unsuccessfulbuild" because "AlwaysCreate" was specified.
       ClCompile:
         c:\Program Files (x86)\Microsoft Visual Studio 10.0\VC\bin\CL.exe /c /ZI /nologo /W3 /WX- /Od /Oy- /D _MBCS /Gm /EHsc /RTC1 /MDd /GS /fp:precise /Zc:wchar_t /Zc:forScope /Fo"Debug\\" /Fd"Debug\vc100.pdb" /Gd /TP /analyze- /errorReport:prompt main.cpp
         main.cpp
     1>c:\users\saas student\documents\visual studio 2010\projects\check other apps\check other apps\main.cpp(35): warning C4244: 'initializing' : conversion from 'time_t' to 'long', possible loss of data
     1>c:\users\saas student\documents\visual studio 2010\projects\check other apps\check other apps\main.cpp(46): warning C4715: 'checkpositionchange' : not all control paths return a value
       Link:
         c:\Program Files (x86)\Microsoft Visual Studio 10.0\VC\bin\link.exe /ERRORREPORT:PROMPT /OUT:"C:\Users\SAAS Student\Documents\Visual Studio 2010\Projects\check other apps\Debug\check other apps.exe" /NOLOGO kernel32.lib user32.lib gdi32.lib winspool.lib comdlg32.lib advapi32.lib shell32.lib ole32.lib oleaut32.lib uuid.lib odbc32.lib odbccp32.lib /MANIFEST /ManifestFile:"Debug\check other apps.exe.intermediate.manifest" /MANIFESTUAC:"level='asInvoker' uiAccess='false'" /DEBUG /PDB:"C:\Users\SAAS Student\Documents\Visual Studio 2010\Projects\check other apps\Debug\check other apps.pdb" /TLBID:1 /DYNAMICBASE /NXCOMPAT /IMPLIB:"C:\Users\SAAS Student\Documents\Visual Studio 2010\Projects\check other apps\Debug\check other apps.lib" /MACHINE:X86 Debug\main.obj
         LINK : C:\Users\SAAS Student\Documents\Visual Studio 2010\Projects\check other apps\Debug\check other apps.exe not found or not built by the last incremental link; performing full link
         check other apps.vcxproj -> C:\Users\SAAS Student\Documents\Visual Studio 2010\Projects\check other apps\Debug\check other apps.exe
       Manifest:
         C:\Program Files (x86)\Microsoft SDKs\Windows\v7.0A\bin\mt.exe /nologo /verbose /outputresource:"C:\Users\SAAS Student\Documents\Visual Studio 2010\Projects\check other apps\Debug\check other apps.exe;#1" /manifest "Debug\check other apps.exe.intermediate.manifest"
       FinalizeBuildStatus:
         Deleting file "Debug\check other apps.unsuccessfulbuild".
         Touching "Debug\check other apps.lastbuildstate".
     1>Done Building Project "C:\Users\SAAS Student\Documents\Visual Studio 2010\Projects\check other apps\check other apps\check other apps.vcxproj" (build target(s)).

Build succeeded.

Time Elapsed 00:00:01.85
